
V203_bootloader_V11_PA0.elf:     file format elf32-littleriscv
V203_bootloader_V11_PA0.elf
architecture: riscv:rv32, flags 0x00000112:
EXEC_P, HAS_SYMS, D_PAGED
start address 0x00000000

Program Header:
    LOAD off    0x00001000 vaddr 0x00000000 paddr 0x00000000 align 2**12
         filesz 0x00000d54 memsz 0x00000d54 flags r-x
    LOAD off    0x00002000 vaddr 0x20000000 paddr 0x00000d54 align 2**12
         filesz 0x00000010 memsz 0x00000240 flags rw-
    LOAD off    0x00002ffc vaddr 0x00000ffc paddr 0x00000ffc align 2**12
         filesz 0x00000001 memsz 0x00000001 flags rw-
    LOAD off    0x00003f00 vaddr 0x20001f00 paddr 0x20001f00 align 2**12
         filesz 0x00000000 memsz 0x00000900 flags rw-

Sections:
Idx Name          Size      VMA       LMA       File off  Algn
  0 .init         00000038  00000000  00000000  00001000  2**1
                  CONTENTS, ALLOC, LOAD, READONLY, CODE
  1 .vector       00000108  00000038  00000038  00001038  2**1
                  CONTENTS, ALLOC, LOAD, READONLY, CODE
  2 .bootloader_version 00000001  00000ffc  00000ffc  00002ffc  2**0
                  CONTENTS, ALLOC, LOAD, DATA
  3 .text         00000c14  00000140  00000140  00001140  2**1
                  CONTENTS, ALLOC, LOAD, READONLY, CODE
  4 .fini         00000000  00000d54  00000d54  00002ffd  2**0
                  CONTENTS, ALLOC, LOAD, CODE
  5 .dalign       00000000  20000000  20000000  00002ffd  2**0
                  CONTENTS
  6 .dlalign      00000000  00000d54  00000d54  00002ffd  2**0
                  CONTENTS
  7 .data         00000010  20000000  00000d54  00002000  2**2
                  CONTENTS, ALLOC, LOAD, DATA
  8 .bss          00000230  20000010  00000d64  00002010  2**2
                  ALLOC
  9 .stack        00000900  20001f00  20001f00  00003f00  2**0
                  ALLOC
 10 .debug_info   00006e5c  00000000  00000000  00002ffd  2**0
                  CONTENTS, READONLY, DEBUGGING
 11 .debug_abbrev 0000173e  00000000  00000000  00009e59  2**0
                  CONTENTS, READONLY, DEBUGGING
 12 .debug_loc    00001be4  00000000  00000000  0000b597  2**0
                  CONTENTS, READONLY, DEBUGGING
 13 .debug_aranges 00000428  00000000  00000000  0000d180  2**3
                  CONTENTS, READONLY, DEBUGGING
 14 .debug_ranges 000004f0  00000000  00000000  0000d5a8  2**3
                  CONTENTS, READONLY, DEBUGGING
 15 .debug_line   00006426  00000000  00000000  0000da98  2**0
                  CONTENTS, READONLY, DEBUGGING
 16 .debug_str    0000172b  00000000  00000000  00013ebe  2**0
                  CONTENTS, READONLY, DEBUGGING
 17 .comment      00000033  00000000  00000000  000155e9  2**0
                  CONTENTS, READONLY
 18 .debug_frame  000009c0  00000000  00000000  0001561c  2**2
                  CONTENTS, READONLY, DEBUGGING
SYMBOL TABLE:
00000000 l    d  .init	00000000 .init
00000038 l    d  .vector	00000000 .vector
00000ffc l    d  .bootloader_version	00000000 .bootloader_version
00000140 l    d  .text	00000000 .text
00000d54 l    d  .fini	00000000 .fini
20000000 l    d  .dalign	00000000 .dalign
00000d54 l    d  .dlalign	00000000 .dlalign
20000000 l    d  .data	00000000 .data
20000010 l    d  .bss	00000000 .bss
20001f00 l    d  .stack	00000000 .stack
00000000 l    d  .debug_info	00000000 .debug_info
00000000 l    d  .debug_abbrev	00000000 .debug_abbrev
00000000 l    d  .debug_loc	00000000 .debug_loc
00000000 l    d  .debug_aranges	00000000 .debug_aranges
00000000 l    d  .debug_ranges	00000000 .debug_ranges
00000000 l    d  .debug_line	00000000 .debug_line
00000000 l    d  .debug_str	00000000 .debug_str
00000000 l    d  .comment	00000000 .comment
00000000 l    d  .debug_frame	00000000 .debug_frame
00000000 l    df *ABS*	00000000 ./Startup/startup_ch32v20x_D6.o
00000038 l       .vector	00000000 _vector_base
00000000 l    df *ABS*	00000000 main.c
20000010 l     O .bss	00000002 CRC_16.4813
00000000 l    df *ABS*	00000000 bootloader.c
00000000 l    df *ABS*	00000000 ch32v20x_it.c
00000000 l    df *ABS*	00000000 system_ch32v20x.c
00000000 l    df *ABS*	00000000 ch32v20x_flash.c
00000000 l    df *ABS*	00000000 ch32v20x_gpio.c
00000000 l    df *ABS*	00000000 ch32v20x_rcc.c
00000ac2  w      .text	00000000 EXTI2_IRQHandler
00000522 g     F .text	00000010 send_BAD_CRC_ACK
20000032 g     O .bss	00000002 payload_buffer_size
20000810 g       .data	00000000 __global_pointer$
00000148 g     F .text	00000028 .hidden __riscv_save_8
00000ae8  w      .text	00000000 TIM1_CC_IRQHandler
2000003c g     O .bss	00000100 payLoadBuffer
00000304 g     F .text	00000002 HardFault_Handler
00000194 g     F .text	0000000c .hidden __riscv_restore_3
00000aae  w      .text	00000000 SysTick_Handler
00000ab4  w      .text	00000000 PVD_IRQHandler
00000180 g     F .text	00000020 .hidden __riscv_restore_10
0000088c g     F .text	0000004c update_EEPROM
00000300 g     F .text	00000004 NMI_Handler
00000ac4  w      .text	00000000 EXTI3_IRQHandler
00000148 g     F .text	00000028 .hidden __riscv_save_11
20000018 g     O .bss	00000004 address
00000bde g     F .text	00000064 FLASH_ProgramPage_Fast
20000010 g       .bss	00000000 _sbss
000002e8 g     F .text	00000018 read_flash_bin
00000800 g       *ABS*	00000000 __stack_size
00000194 g     F .text	0000000c .hidden __riscv_restore_2
00000100 g       *ABS*	00000000 __resv_size
00000abe  w      .text	00000000 EXTI0_IRQHandler
00000af4  w      .text	00000000 I2C2_EV_IRQHandler
20000029 g     O .bss	00000001 incoming_payload_no_command
000008d8 g     F .text	000000a2 checkForSignal
000007fa g     F .text	00000092 recieveBuffer
00000038 g       .init	00000000 _einit
0000035a g     F .text	0000005e makeCrc
00000d34 g     F .text	0000001e RCC_APB2PeriphClockCmd
00000140 g     F .text	00000030 .hidden __riscv_save_12
00000ad6  w      .text	00000000 ADC1_2_IRQHandler
00000c42 g     F .text	000000f2 GPIO_Init
20000014 g     O .bss	00000004 JumpAddress
00000aac  w      .text	00000000 Break_Point_Handler
00000180 g     F .text	00000020 .hidden __riscv_restore_11
00000af8  w      .text	00000000 SPI1_IRQHandler
00000248 g     F .text	000000a0 save_flash_nolib
00000170 g     F .text	0000000c .hidden __riscv_save_1
00000ab6  w      .text	00000000 TAMPER_IRQHandler
00000194 g     F .text	0000000c .hidden __riscv_restore_0
00000156 g     F .text	0000001a .hidden __riscv_save_7
00000aa8  w      .text	00000000 Ecall_M_Mode_Handler
20001f00 g       .stack	00000000 _heap_end
0000018a g     F .text	00000016 .hidden __riscv_restore_5
00000ace  w      .text	00000000 DMA1_Channel4_IRQHandler
20000000 g     O .data	00000009 deviceInfo
00000ba2 g     F .text	0000000e FLASH_Lock
0000018a g     F .text	00000016 .hidden __riscv_restore_6
00000b00  w      .text	00000000 USART3_IRQHandler
00000ab8  w      .text	00000000 RTC_IRQHandler
20000240 g       .bss	00000000 _ebss
0000055c g     F .text	00000016 sendDeviceInfo
00000ad4  w      .text	00000000 DMA1_Channel7_IRQHandler
00000adc  w      .text	00000000 CAN1_RX1_IRQHandler
00000aee  w      .text	00000000 TIM4_IRQHandler
00000148 g     F .text	00000028 .hidden __riscv_save_9
00000156 g     F .text	0000001a .hidden __riscv_save_4
00000af0  w      .text	00000000 I2C1_EV_IRQHandler
00000b08  w      .text	00000000 USBHD_IRQHandler
2000002e g     O .bss	00000002 low_pin_count
00000ad2  w      .text	00000000 DMA1_Channel6_IRQHandler
00000b0c  w      .text	00000000 UART4_IRQHandler
00000502 g     F .text	00000010 send_ACK
00000aec  w      .text	00000000 TIM3_IRQHandler
00000abc  w      .text	00000000 RCC_IRQHandler
20000039 g     O .bss	00000001 rxbyte
00000170 g     F .text	0000000c .hidden __riscv_save_3
2000001e g     O .bss	00000001 calculated_crc_high_byte
00000ae6  w      .text	00000000 TIM1_TRG_COM_IRQHandler
00000512 g     F .text	00000010 send_BAD_ACK
00000ac8  w      .text	00000000 DMA1_Channel1_IRQHandler
00000000 g       .init	00000000 _start
00000ffc g     O .bootloader_version	00000001 bootloader_version
20000030 g     O .bss	00000001 messagereceived
00000b02  w      .text	00000000 EXTI15_10_IRQHandler
0000032c g     F .text	0000002e jump
20000028 g     O .bss	00000001 eeprom_req
00000b0e  w      .text	00000000 DMA1_Channel8_IRQHandler
00000bb0 g     F .text	0000002e FLASH_ErasePage_Fast
20000000 g       .dalign	00000000 _data_vma
2000003a g     O .bss	00000001 MCU_Version
00000572 g     F .text	00000288 decodeInput
00000ae0  w      .text	00000000 EXTI9_5_IRQHandler
00000148 g     F .text	00000028 .hidden __riscv_save_10
2000001f g     O .bss	00000001 calculated_crc_low_byte
0000018a g     F .text	00000016 .hidden __riscv_restore_4
00000180 g     F .text	00000020 .hidden __riscv_restore_8
00000156 g     F .text	0000001a .hidden __riscv_save_6
00000afa  w      .text	00000000 SPI2_IRQHandler
000001a0 g     F .text	000000a8 memset
00000180 g     F .text	00000020 .hidden __riscv_restore_9
0000018a g     F .text	00000016 .hidden __riscv_restore_7
0000097a g     F .text	00000082 main
2000013c g     O .bss	00000102 rxBuffer
00000ad0  w      .text	00000000 DMA1_Channel5_IRQHandler
00000ac6  w      .text	00000000 EXTI4_IRQHandler
00000ada  w      .text	00000000 USB_LP_CAN1_RX0_IRQHandler
2000001c g     O .bss	00000002 address_expected_increment
000009fc g     F .text	000000a8 SystemInit
20000024 g     O .bss	00000004 count
00000414 g     F .text	000000a0 serialreadChar
000003b8 g     F .text	00000024 checkCrc
00000ad8  w      .text	00000000 USB_HP_CAN1_TX_IRQHandler
00000000 g       .init	00000000 _sinit
00000b0a  w      .text	00000000 USBHDWakeUp_IRQHandler
00000acc  w      .text	00000000 DMA1_Channel3_IRQHandler
00000ae4  w      .text	00000000 TIM1_UP_IRQHandler
00000ab2  w      .text	00000000 WWDG_IRQHandler
00000aaa  w      .text	00000000 Ecall_U_Mode_Handler
00000aea  w      .text	00000000 TIM2_IRQHandler
20002700 g       .stack	00000000 _eusrstack
00000170 g     F .text	0000000c .hidden __riscv_save_2
00000ab0  w      .text	00000000 SW_Handler
00000ae2  w      .text	00000000 TIM1_BRK_IRQHandler
00000ac0  w      .text	00000000 EXTI1_IRQHandler
00000156 g     F .text	0000001a .hidden __riscv_save_5
20000010 g       .data	00000000 _edata
000003dc g     F .text	0000001e setReceive
000003fa g     F .text	0000001a setTransmit
20000240 g       .bss	00000000 _end
00000b04  w      .text	00000000 RTCAlarm_IRQHandler
00000d54 g       .dlalign	00000000 _data_lma
00000afe  w      .text	00000000 USART2_IRQHandler
00000af6  w      .text	00000000 I2C2_ER_IRQHandler
00000aca  w      .text	00000000 DMA1_Channel2_IRQHandler
000004b4 g     F .text	0000004e serialwriteChar
00000532 g     F .text	0000002a sendString
0000017c g     F .text	00000024 .hidden __riscv_restore_12
00000b10  w      .text	00000000 handle_reset
00000ade  w      .text	00000000 CAN1_SCE_IRQHandler
00000aba  w      .text	00000000 FLASH_IRQHandler
00000170 g     F .text	0000000c .hidden __riscv_save_0
00000afc  w      .text	00000000 USART1_IRQHandler
00000af2  w      .text	00000000 I2C1_ER_IRQHandler
2000002c g     O .bss	00000002 len
00000194 g     F .text	0000000c .hidden __riscv_restore_1
2000002a g     O .bss	00000002 invalid_command
20000038 g     O .bss	00000001 receviedByte
20000034 g     O .bss	00000004 received
00000b06  w      .text	00000000 USBWakeUp_IRQHandler
20000020 g     O .bss	00000004 cmd
00000306 g     F .text	00000026 delayMicroseconds



Disassembly of section .init:

00000000 <_sinit>:
   0:	3110006f          	j	b10 <handle_reset>
   4:	00000013          	nop
   8:	00000013          	nop
   c:	00000013          	nop
  10:	00000013          	nop
  14:	00000013          	nop
  18:	00000013          	nop
  1c:	00000013          	nop
  20:	00000013          	nop
  24:	00000013          	nop
  28:	00000013          	nop
  2c:	00000013          	nop
  30:	00000013          	nop
  34:	00100073          	ebreak

Disassembly of section .vector:

00000038 <_vector_base>:
	...
  40:	0300                	addi	s0,sp,384
  42:	0000                	unimp
  44:	0304                	addi	s1,sp,384
  46:	0000                	unimp
  48:	0000                	unimp
  4a:	0000                	unimp
  4c:	0aa8                	addi	a0,sp,344
	...
  56:	0000                	unimp
  58:	0aaa                	slli	s5,s5,0xa
  5a:	0000                	unimp
  5c:	0aac                	addi	a1,sp,344
	...
  66:	0000                	unimp
  68:	0aae                	slli	s5,s5,0xb
  6a:	0000                	unimp
  6c:	0000                	unimp
  6e:	0000                	unimp
  70:	0ab0                	addi	a2,sp,344
  72:	0000                	unimp
  74:	0000                	unimp
  76:	0000                	unimp
  78:	0ab2                	slli	s5,s5,0xc
  7a:	0000                	unimp
  7c:	0ab4                	addi	a3,sp,344
  7e:	0000                	unimp
  80:	0ab6                	slli	s5,s5,0xd
  82:	0000                	unimp
  84:	0ab8                	addi	a4,sp,344
  86:	0000                	unimp
  88:	0aba                	slli	s5,s5,0xe
  8a:	0000                	unimp
  8c:	0abc                	addi	a5,sp,344
  8e:	0000                	unimp
  90:	0abe                	slli	s5,s5,0xf
  92:	0000                	unimp
  94:	0ac0                	addi	s0,sp,340
  96:	0000                	unimp
  98:	0ac2                	slli	s5,s5,0x10
  9a:	0000                	unimp
  9c:	0ac4                	addi	s1,sp,340
  9e:	0000                	unimp
  a0:	0ac6                	slli	s5,s5,0x11
  a2:	0000                	unimp
  a4:	0ac8                	addi	a0,sp,340
  a6:	0000                	unimp
  a8:	0aca                	slli	s5,s5,0x12
  aa:	0000                	unimp
  ac:	0acc                	addi	a1,sp,340
  ae:	0000                	unimp
  b0:	0ace                	slli	s5,s5,0x13
  b2:	0000                	unimp
  b4:	0ad0                	addi	a2,sp,340
  b6:	0000                	unimp
  b8:	0ad2                	slli	s5,s5,0x14
  ba:	0000                	unimp
  bc:	0ad4                	addi	a3,sp,340
  be:	0000                	unimp
  c0:	0ad6                	slli	s5,s5,0x15
  c2:	0000                	unimp
  c4:	0ad8                	addi	a4,sp,340
  c6:	0000                	unimp
  c8:	0ada                	slli	s5,s5,0x16
  ca:	0000                	unimp
  cc:	0adc                	addi	a5,sp,340
  ce:	0000                	unimp
  d0:	0ade                	slli	s5,s5,0x17
  d2:	0000                	unimp
  d4:	0ae0                	addi	s0,sp,348
  d6:	0000                	unimp
  d8:	0ae2                	slli	s5,s5,0x18
  da:	0000                	unimp
  dc:	0ae4                	addi	s1,sp,348
  de:	0000                	unimp
  e0:	0ae6                	slli	s5,s5,0x19
  e2:	0000                	unimp
  e4:	0ae8                	addi	a0,sp,348
  e6:	0000                	unimp
  e8:	0aea                	slli	s5,s5,0x1a
  ea:	0000                	unimp
  ec:	0aec                	addi	a1,sp,348
  ee:	0000                	unimp
  f0:	0aee                	slli	s5,s5,0x1b
  f2:	0000                	unimp
  f4:	0af0                	addi	a2,sp,348
  f6:	0000                	unimp
  f8:	0af2                	slli	s5,s5,0x1c
  fa:	0000                	unimp
  fc:	0af4                	addi	a3,sp,348
  fe:	0000                	unimp
 100:	0af6                	slli	s5,s5,0x1d
 102:	0000                	unimp
 104:	0af8                	addi	a4,sp,348
 106:	0000                	unimp
 108:	0afa                	slli	s5,s5,0x1e
 10a:	0000                	unimp
 10c:	0afc                	addi	a5,sp,348
 10e:	0000                	unimp
 110:	0afe                	slli	s5,s5,0x1f
 112:	0000                	unimp
 114:	0b00                	addi	s0,sp,400
 116:	0000                	unimp
 118:	0b02                	c.slli64	s6
 11a:	0000                	unimp
 11c:	0b04                	addi	s1,sp,400
 11e:	0000                	unimp
 120:	0b06                	slli	s6,s6,0x1
 122:	0000                	unimp
 124:	0b08                	addi	a0,sp,400
 126:	0000                	unimp
 128:	0b0a                	slli	s6,s6,0x2
 12a:	0000                	unimp
 12c:	0b0c                	addi	a1,sp,400
 12e:	0000                	unimp
 130:	0b0e                	slli	s6,s6,0x3
	...

Disassembly of section .text:

00000140 <__riscv_save_12>:
 140:	7139                	addi	sp,sp,-64
 142:	4301                	li	t1,0
 144:	c66e                	sw	s11,12(sp)
 146:	a019                	j	14c <__riscv_save_10+0x4>

00000148 <__riscv_save_10>:
 148:	7139                	addi	sp,sp,-64
 14a:	5341                	li	t1,-16
 14c:	c86a                	sw	s10,16(sp)
 14e:	ca66                	sw	s9,20(sp)
 150:	cc62                	sw	s8,24(sp)
 152:	ce5e                	sw	s7,28(sp)
 154:	a019                	j	15a <__riscv_save_4+0x4>

00000156 <__riscv_save_4>:
 156:	7139                	addi	sp,sp,-64
 158:	5301                	li	t1,-32
 15a:	d05a                	sw	s6,32(sp)
 15c:	d256                	sw	s5,36(sp)
 15e:	d452                	sw	s4,40(sp)
 160:	d64e                	sw	s3,44(sp)
 162:	d84a                	sw	s2,48(sp)
 164:	da26                	sw	s1,52(sp)
 166:	dc22                	sw	s0,56(sp)
 168:	de06                	sw	ra,60(sp)
 16a:	40610133          	sub	sp,sp,t1
 16e:	8282                	jr	t0

00000170 <__riscv_save_0>:
 170:	1141                	addi	sp,sp,-16
 172:	c04a                	sw	s2,0(sp)
 174:	c226                	sw	s1,4(sp)
 176:	c422                	sw	s0,8(sp)
 178:	c606                	sw	ra,12(sp)
 17a:	8282                	jr	t0

0000017c <__riscv_restore_12>:
 17c:	4db2                	lw	s11,12(sp)
 17e:	0141                	addi	sp,sp,16

00000180 <__riscv_restore_10>:
 180:	4d02                	lw	s10,0(sp)
 182:	4c92                	lw	s9,4(sp)
 184:	4c22                	lw	s8,8(sp)
 186:	4bb2                	lw	s7,12(sp)
 188:	0141                	addi	sp,sp,16

0000018a <__riscv_restore_4>:
 18a:	4b02                	lw	s6,0(sp)
 18c:	4a92                	lw	s5,4(sp)
 18e:	4a22                	lw	s4,8(sp)
 190:	49b2                	lw	s3,12(sp)
 192:	0141                	addi	sp,sp,16

00000194 <__riscv_restore_0>:
 194:	4902                	lw	s2,0(sp)
 196:	4492                	lw	s1,4(sp)
 198:	4422                	lw	s0,8(sp)
 19a:	40b2                	lw	ra,12(sp)
 19c:	0141                	addi	sp,sp,16
 19e:	8082                	ret

000001a0 <memset>:
 1a0:	433d                	li	t1,15
 1a2:	872a                	mv	a4,a0
 1a4:	02c37363          	bgeu	t1,a2,1ca <memset+0x2a>
 1a8:	00f77793          	andi	a5,a4,15
 1ac:	efbd                	bnez	a5,22a <memset+0x8a>
 1ae:	e5ad                	bnez	a1,218 <memset+0x78>
 1b0:	ff067693          	andi	a3,a2,-16
 1b4:	8a3d                	andi	a2,a2,15
 1b6:	96ba                	add	a3,a3,a4
 1b8:	c30c                	sw	a1,0(a4)
 1ba:	c34c                	sw	a1,4(a4)
 1bc:	c70c                	sw	a1,8(a4)
 1be:	c74c                	sw	a1,12(a4)
 1c0:	0741                	addi	a4,a4,16
 1c2:	fed76be3          	bltu	a4,a3,1b8 <memset+0x18>
 1c6:	e211                	bnez	a2,1ca <memset+0x2a>
 1c8:	8082                	ret
 1ca:	40c306b3          	sub	a3,t1,a2
 1ce:	068a                	slli	a3,a3,0x2
 1d0:	00000297          	auipc	t0,0x0
 1d4:	9696                	add	a3,a3,t0
 1d6:	00a68067          	jr	10(a3)
 1da:	00b70723          	sb	a1,14(a4)
 1de:	00b706a3          	sb	a1,13(a4)
 1e2:	00b70623          	sb	a1,12(a4)
 1e6:	00b705a3          	sb	a1,11(a4)
 1ea:	00b70523          	sb	a1,10(a4)
 1ee:	00b704a3          	sb	a1,9(a4)
 1f2:	00b70423          	sb	a1,8(a4)
 1f6:	00b703a3          	sb	a1,7(a4)
 1fa:	00b70323          	sb	a1,6(a4)
 1fe:	00b702a3          	sb	a1,5(a4)
 202:	00b70223          	sb	a1,4(a4)
 206:	00b701a3          	sb	a1,3(a4)
 20a:	00b70123          	sb	a1,2(a4)
 20e:	00b700a3          	sb	a1,1(a4)
 212:	00b70023          	sb	a1,0(a4)
 216:	8082                	ret
 218:	0ff5f593          	andi	a1,a1,255
 21c:	00859693          	slli	a3,a1,0x8
 220:	8dd5                	or	a1,a1,a3
 222:	01059693          	slli	a3,a1,0x10
 226:	8dd5                	or	a1,a1,a3
 228:	b761                	j	1b0 <memset+0x10>
 22a:	00279693          	slli	a3,a5,0x2
 22e:	00000297          	auipc	t0,0x0
 232:	9696                	add	a3,a3,t0
 234:	8286                	mv	t0,ra
 236:	fa8680e7          	jalr	-88(a3)
 23a:	8096                	mv	ra,t0
 23c:	17c1                	addi	a5,a5,-16
 23e:	8f1d                	sub	a4,a4,a5
 240:	963e                	add	a2,a2,a5
 242:	f8c374e3          	bgeu	t1,a2,1ca <memset+0x2a>
 246:	b7a5                	j	1ae <memset+0xe>

00000248 <save_flash_nolib>:
 248:	f0fff2ef          	jal	t0,156 <__riscv_save_4>
 24c:	716d                	addi	sp,sp,-272
 24e:	84aa                	mv	s1,a0
 250:	89ae                	mv	s3,a1
 252:	8932                	mv	s2,a2
 254:	4581                	li	a1,0
 256:	08000613          	li	a2,128
 25a:	0808                	addi	a0,sp,16
 25c:	3791                	jal	1a0 <memset>
 25e:	400227b7          	lui	a5,0x40022
 262:	47c0                	lw	s0,12(a5)
 264:	8805                	andi	s0,s0,1
 266:	fc75                	bnez	s0,262 <save_flash_nolib+0x1a>
 268:	456706b7          	lui	a3,0x45670
 26c:	12368693          	addi	a3,a3,291 # 45670123 <_eusrstack+0x2566da23>
 270:	cdef9737          	lui	a4,0xcdef9
 274:	c3d4                	sw	a3,4(a5)
 276:	9ab70713          	addi	a4,a4,-1621 # cdef89ab <_eusrstack+0xadef62ab>
 27a:	c3d8                	sw	a4,4(a5)
 27c:	d3d4                	sw	a3,36(a5)
 27e:	d3d8                	sw	a4,36(a5)
 280:	0ff97793          	andi	a5,s2,255
 284:	e781                	bnez	a5,28c <save_flash_nolib+0x44>
 286:	854a                	mv	a0,s2
 288:	129000ef          	jal	ra,bb0 <FLASH_ErasePage_Fast>
 28c:	f0097793          	andi	a5,s2,-256
 290:	c63e                	sw	a5,12(sp)
 292:	10000713          	li	a4,256
 296:	47b2                	lw	a5,12(sp)
 298:	97a2                	add	a5,a5,s0
 29a:	2396                	lhu	a3,0(a5)
 29c:	081c                	addi	a5,sp,16
 29e:	97a2                	add	a5,a5,s0
 2a0:	a396                	sh	a3,0(a5)
 2a2:	0409                	addi	s0,s0,2
 2a4:	fee419e3          	bne	s0,a4,296 <save_flash_nolib+0x4e>
 2a8:	4789                	li	a5,2
 2aa:	02f9c9b3          	div	s3,s3,a5
 2ae:	8526                	mv	a0,s1
 2b0:	4681                	li	a3,0
 2b2:	0136ca63          	blt	a3,s3,2c6 <save_flash_nolib+0x7e>
 2b6:	4532                	lw	a0,12(sp)
 2b8:	080c                	addi	a1,sp,16
 2ba:	125000ef          	jal	ra,bde <FLASH_ProgramPage_Fast>
 2be:	0e5000ef          	jal	ra,ba2 <FLASH_Lock>
 2c2:	6151                	addi	sp,sp,272
 2c4:	b5d9                	j	18a <__riscv_restore_4>
 2c6:	47b2                	lw	a5,12(sp)
 2c8:	0a18                	addi	a4,sp,272
 2ca:	2110                	lbu	a2,0(a0)
 2cc:	40f907b3          	sub	a5,s2,a5
 2d0:	8385                	srli	a5,a5,0x1
 2d2:	97b6                	add	a5,a5,a3
 2d4:	0786                	slli	a5,a5,0x1
 2d6:	97ba                	add	a5,a5,a4
 2d8:	3118                	lbu	a4,1(a0)
 2da:	0685                	addi	a3,a3,1
 2dc:	0509                	addi	a0,a0,2
 2de:	0722                	slli	a4,a4,0x8
 2e0:	8f51                	or	a4,a4,a2
 2e2:	f0e79023          	sh	a4,-256(a5) # 40021f00 <_eusrstack+0x2001f800>
 2e6:	b7f1                	j	2b2 <save_flash_nolib+0x6a>

000002e8 <read_flash_bin>:
 2e8:	4781                	li	a5,0
 2ea:	00c7c363          	blt	a5,a2,2f0 <read_flash_bin+0x8>
 2ee:	8082                	ret
 2f0:	00f58733          	add	a4,a1,a5
 2f4:	2314                	lbu	a3,0(a4)
 2f6:	00f50733          	add	a4,a0,a5
 2fa:	0785                	addi	a5,a5,1
 2fc:	a314                	sb	a3,0(a4)
 2fe:	b7f5                	j	2ea <read_flash_bin+0x2>

00000300 <NMI_Handler>:
 300:	30200073          	mret

00000304 <HardFault_Handler>:
 304:	a001                	j	304 <HardFault_Handler>

00000306 <delayMicroseconds>:
 306:	e000f7b7          	lui	a5,0xe000f
 30a:	4681                	li	a3,0
 30c:	c794                	sw	a3,8(a5)
 30e:	4701                	li	a4,0
 310:	c7d8                	sw	a4,12(a5)
 312:	47b1                	li	a5,12
 314:	02f50533          	mul	a0,a0,a5
 318:	4601                	li	a2,0
 31a:	e000f6b7          	lui	a3,0xe000f
 31e:	4698                	lw	a4,8(a3)
 320:	46dc                	lw	a5,12(a3)
 322:	00f61463          	bne	a2,a5,32a <delayMicroseconds+0x24>
 326:	fea76ce3          	bltu	a4,a0,31e <delayMicroseconds+0x18>
 32a:	8082                	ret

0000032c <jump>:
 32c:	6789                	lui	a5,0x2
 32e:	80078793          	addi	a5,a5,-2048 # 1800 <bootloader_version+0x804>
 332:	80079073          	csrw	0x800,a5
 336:	200007b7          	lui	a5,0x20000
 33a:	6705                	lui	a4,0x1
 33c:	00e7aa23          	sw	a4,20(a5) # 20000014 <JumpAddress>
 340:	080087b7          	lui	a5,0x8008
 344:	c007c703          	lbu	a4,-1024(a5) # 8007c00 <bootloader_version+0x8006c04>
 348:	4785                	li	a5,1
 34a:	00f70563          	beq	a4,a5,354 <jump+0x28>
 34e:	80019d23          	sh	zero,-2022(gp) # 2000002a <invalid_command>
 352:	8082                	ret
 354:	6285                	lui	t0,0x1
 356:	8282                	jr	t0
 358:	8082                	ret

0000035a <makeCrc>:
 35a:	20000737          	lui	a4,0x20000
 35e:	7869                	lui	a6,0xffffa
 360:	00071823          	sh	zero,16(a4) # 20000010 <_edata>
 364:	4681                	li	a3,0
 366:	4781                	li	a5,0
 368:	4601                	li	a2,0
 36a:	01070713          	addi	a4,a4,16
 36e:	0805                	addi	a6,a6,1
 370:	00b64b63          	blt	a2,a1,386 <makeCrc+0x2c>
 374:	c291                	beqz	a3,378 <makeCrc+0x1e>
 376:	a31e                	sh	a5,0(a4)
 378:	2314                	lbu	a3,0(a4)
 37a:	3318                	lbu	a4,1(a4)
 37c:	80d187a3          	sb	a3,-2033(gp) # 2000001f <calculated_crc_low_byte>
 380:	80e18723          	sb	a4,-2034(gp) # 2000001e <calculated_crc_high_byte>
 384:	8082                	ret
 386:	00c506b3          	add	a3,a0,a2
 38a:	0006c883          	lbu	a7,0(a3) # e000f000 <_eusrstack+0xc000c900>
 38e:	46a1                	li	a3,8
 390:	00f8c333          	xor	t1,a7,a5
 394:	00137313          	andi	t1,t1,1
 398:	8385                	srli	a5,a5,0x1
 39a:	00030663          	beqz	t1,3a6 <makeCrc+0x4c>
 39e:	0107c7b3          	xor	a5,a5,a6
 3a2:	07c2                	slli	a5,a5,0x10
 3a4:	83c1                	srli	a5,a5,0x10
 3a6:	16fd                	addi	a3,a3,-1
 3a8:	0ff6f693          	andi	a3,a3,255
 3ac:	0018d893          	srli	a7,a7,0x1
 3b0:	f2e5                	bnez	a3,390 <makeCrc+0x36>
 3b2:	0605                	addi	a2,a2,1
 3b4:	4685                	li	a3,1
 3b6:	bf6d                	j	370 <makeCrc+0x16>

000003b8 <checkCrc>:
 3b8:	db9ff2ef          	jal	t0,170 <__riscv_save_0>
 3bc:	00b507b3          	add	a5,a0,a1
 3c0:	2384                	lbu	s1,0(a5)
 3c2:	3380                	lbu	s0,1(a5)
 3c4:	3f59                	jal	35a <makeCrc>
 3c6:	80f1c783          	lbu	a5,-2033(gp) # 2000001f <calculated_crc_low_byte>
 3ca:	4501                	li	a0,0
 3cc:	00979763          	bne	a5,s1,3da <checkCrc+0x22>
 3d0:	80e1c503          	lbu	a0,-2034(gp) # 2000001e <calculated_crc_high_byte>
 3d4:	8d01                	sub	a0,a0,s0
 3d6:	00153513          	seqz	a0,a0
 3da:	bb6d                	j	194 <__riscv_restore_0>

000003dc <setReceive>:
 3dc:	40011737          	lui	a4,0x40011
 3e0:	4685                	li	a3,1
 3e2:	80d72823          	sw	a3,-2032(a4) # 40010810 <_eusrstack+0x2000e110>
 3e6:	80072783          	lw	a5,-2048(a4)
 3ea:	9bc1                	andi	a5,a5,-16
 3ec:	0087e793          	ori	a5,a5,8
 3f0:	80f72023          	sw	a5,-2048(a4)
 3f4:	8201a223          	sw	zero,-2012(gp) # 20000034 <received>
 3f8:	8082                	ret

000003fa <setTransmit>:
 3fa:	40011737          	lui	a4,0x40011
 3fe:	4685                	li	a3,1
 400:	80d72823          	sw	a3,-2032(a4) # 40010810 <_eusrstack+0x2000e110>
 404:	80072783          	lw	a5,-2048(a4)
 408:	9bc1                	andi	a5,a5,-16
 40a:	0037e793          	ori	a5,a5,3
 40e:	80f72023          	sw	a5,-2048(a4)
 412:	8082                	ret

00000414 <serialreadChar>:
 414:	d43ff2ef          	jal	t0,156 <__riscv_save_4>
 418:	0024a737          	lui	a4,0x24a
 41c:	820184a3          	sb	zero,-2007(gp) # 20000039 <rxbyte>
 420:	400115b7          	lui	a1,0x40011
 424:	82918413          	addi	s0,gp,-2007 # 20000039 <rxbyte>
 428:	e000f537          	lui	a0,0xe000f
 42c:	f0070713          	addi	a4,a4,-256 # 249f00 <bootloader_version+0x248f04>
 430:	8085a783          	lw	a5,-2040(a1) # 40010808 <_eusrstack+0x2000e108>
 434:	8b85                	andi	a5,a5,1
 436:	cfa1                	beqz	a5,48e <serialreadChar+0x7a>
 438:	6705                	lui	a4,0x1
 43a:	82018503          	lb	a0,-2016(gp) # 20000030 <messagereceived>
 43e:	400115b7          	lui	a1,0x40011
 442:	82018493          	addi	s1,gp,-2016 # 20000030 <messagereceived>
 446:	e000f837          	lui	a6,0xe000f
 44a:	bb870713          	addi	a4,a4,-1096 # bb8 <FLASH_ErasePage_Fast+0x8>
 44e:	8085a783          	lw	a5,-2040(a1) # 40010808 <_eusrstack+0x2000e108>
 452:	8b85                	andi	a5,a5,1
 454:	e7b9                	bnez	a5,4a2 <serialreadChar+0x8e>
 456:	4569                	li	a0,26
 458:	357d                	jal	306 <delayMicroseconds>
 45a:	4901                	li	s2,0
 45c:	40011a37          	lui	s4,0x40011
 460:	49a1                	li	s3,8
 462:	03400513          	li	a0,52
 466:	3545                	jal	306 <delayMicroseconds>
 468:	808a2783          	lw	a5,-2040(s4) # 40010808 <_eusrstack+0x2000e108>
 46c:	2018                	lbu	a4,0(s0)
 46e:	8b85                	andi	a5,a5,1
 470:	012797b3          	sll	a5,a5,s2
 474:	8fd9                	or	a5,a5,a4
 476:	a01c                	sb	a5,0(s0)
 478:	0905                	addi	s2,s2,1
 47a:	ff3914e3          	bne	s2,s3,462 <serialreadChar+0x4e>
 47e:	4569                	li	a0,26
 480:	3559                	jal	306 <delayMicroseconds>
 482:	2018                	lbu	a4,0(s0)
 484:	4785                	li	a5,1
 486:	a09c                	sb	a5,0(s1)
 488:	82e18423          	sb	a4,-2008(gp) # 20000038 <receviedByte>
 48c:	a811                	j	4a0 <serialreadChar+0x8c>
 48e:	4510                	lw	a2,8(a0)
 490:	4554                	lw	a3,12(a0)
 492:	e299                	bnez	a3,498 <serialreadChar+0x84>
 494:	f8c77ee3          	bgeu	a4,a2,430 <serialreadChar+0x1c>
 498:	06500713          	li	a4,101
 49c:	80e19d23          	sh	a4,-2022(gp) # 2000002a <invalid_command>
 4a0:	b1ed                	j	18a <__riscv_restore_4>
 4a2:	00882603          	lw	a2,8(a6) # e000f008 <_eusrstack+0xc000c908>
 4a6:	00c82683          	lw	a3,12(a6)
 4aa:	e299                	bnez	a3,4b0 <serialreadChar+0x9c>
 4ac:	fac771e3          	bgeu	a4,a2,44e <serialreadChar+0x3a>
 4b0:	dd59                	beqz	a0,44e <serialreadChar+0x3a>
 4b2:	b7fd                	j	4a0 <serialreadChar+0x8c>

000004b4 <serialwriteChar>:
 4b4:	ca3ff2ef          	jal	t0,156 <__riscv_save_4>
 4b8:	400117b7          	lui	a5,0x40011
 4bc:	4705                	li	a4,1
 4be:	84aa                	mv	s1,a0
 4c0:	80e7aa23          	sw	a4,-2028(a5) # 40010814 <_eusrstack+0x2000e114>
 4c4:	4421                	li	s0,8
 4c6:	400119b7          	lui	s3,0x40011
 4ca:	4905                	li	s2,1
 4cc:	03400513          	li	a0,52
 4d0:	3d1d                	jal	306 <delayMicroseconds>
 4d2:	0014f793          	andi	a5,s1,1
 4d6:	80098713          	addi	a4,s3,-2048 # 40010800 <_eusrstack+0x2000e100>
 4da:	c38d                	beqz	a5,4fc <serialwriteChar+0x48>
 4dc:	01272823          	sw	s2,16(a4)
 4e0:	147d                	addi	s0,s0,-1
 4e2:	0ff47413          	andi	s0,s0,255
 4e6:	8485                	srai	s1,s1,0x1
 4e8:	f075                	bnez	s0,4cc <serialwriteChar+0x18>
 4ea:	03400513          	li	a0,52
 4ee:	3d21                	jal	306 <delayMicroseconds>
 4f0:	400117b7          	lui	a5,0x40011
 4f4:	4705                	li	a4,1
 4f6:	80e7a823          	sw	a4,-2032(a5) # 40010810 <_eusrstack+0x2000e110>
 4fa:	b941                	j	18a <__riscv_restore_4>
 4fc:	01272a23          	sw	s2,20(a4)
 500:	b7c5                	j	4e0 <serialwriteChar+0x2c>

00000502 <send_ACK>:
 502:	c6fff2ef          	jal	t0,170 <__riscv_save_0>
 506:	3dd5                	jal	3fa <setTransmit>
 508:	03000513          	li	a0,48
 50c:	3765                	jal	4b4 <serialwriteChar>
 50e:	35f9                	jal	3dc <setReceive>
 510:	b151                	j	194 <__riscv_restore_0>

00000512 <send_BAD_ACK>:
 512:	c5fff2ef          	jal	t0,170 <__riscv_save_0>
 516:	35d5                	jal	3fa <setTransmit>
 518:	fc100513          	li	a0,-63
 51c:	3f61                	jal	4b4 <serialwriteChar>
 51e:	3d7d                	jal	3dc <setReceive>
 520:	b995                	j	194 <__riscv_restore_0>

00000522 <send_BAD_CRC_ACK>:
 522:	c4fff2ef          	jal	t0,170 <__riscv_save_0>
 526:	3dd1                	jal	3fa <setTransmit>
 528:	fc200513          	li	a0,-62
 52c:	3761                	jal	4b4 <serialwriteChar>
 52e:	357d                	jal	3dc <setReceive>
 530:	b195                	j	194 <__riscv_restore_0>

00000532 <sendString>:
 532:	c3fff2ef          	jal	t0,170 <__riscv_save_0>
 536:	1141                	addi	sp,sp,-16
 538:	84aa                	mv	s1,a0
 53a:	4401                	li	s0,0
 53c:	00b44463          	blt	s0,a1,544 <sendString+0x12>
 540:	0141                	addi	sp,sp,16
 542:	b989                	j	194 <__riscv_restore_0>
 544:	008487b3          	add	a5,s1,s0
 548:	00078503          	lb	a0,0(a5)
 54c:	c62e                	sw	a1,12(sp)
 54e:	0405                	addi	s0,s0,1
 550:	3795                	jal	4b4 <serialwriteChar>
 552:	03400513          	li	a0,52
 556:	3b45                	jal	306 <delayMicroseconds>
 558:	45b2                	lw	a1,12(sp)
 55a:	b7cd                	j	53c <sendString+0xa>

0000055c <sendDeviceInfo>:
 55c:	c15ff2ef          	jal	t0,170 <__riscv_save_0>
 560:	3d69                	jal	3fa <setTransmit>
 562:	20000537          	lui	a0,0x20000
 566:	45a5                	li	a1,9
 568:	00050513          	mv	a0,a0
 56c:	37d9                	jal	532 <sendString>
 56e:	35bd                	jal	3dc <setReceive>
 570:	b115                	j	194 <__riscv_restore_0>

00000572 <decodeInput>:
 572:	1101                	addi	sp,sp,-32
 574:	cc22                	sw	s0,24(sp)
 576:	c84a                	sw	s2,16(sp)
 578:	c64e                	sw	s3,12(sp)
 57a:	ce06                	sw	ra,28(sp)
 57c:	ca26                	sw	s1,20(sp)
 57e:	c452                	sw	s4,8(sp)
 580:	1000                	addi	s0,sp,32
 582:	81918783          	lb	a5,-2023(gp) # 20000029 <incoming_payload_no_command>
 586:	81918993          	addi	s3,gp,-2023 # 20000029 <incoming_payload_no_command>
 58a:	c3ad                	beqz	a5,5ec <decodeInput+0x7a>
 58c:	8221d583          	lhu	a1,-2014(gp) # 20000032 <payload_buffer_size>
 590:	81c18a13          	addi	s4,gp,-2020 # 2000002c <len>
 594:	92c18513          	addi	a0,gp,-1748 # 2000013c <rxBuffer>
 598:	00ba1023          	sh	a1,0(s4)
 59c:	3d31                	jal	3b8 <checkCrc>
 59e:	c529                	beqz	a0,5e8 <decodeInput+0x76>
 5a0:	82c18513          	addi	a0,gp,-2004 # 2000003c <payLoadBuffer>
 5a4:	10000613          	li	a2,256
 5a8:	4581                	li	a1,0
 5aa:	3edd                	jal	1a0 <memset>
 5ac:	000a5703          	lhu	a4,0(s4)
 5b0:	4781                	li	a5,0
 5b2:	82c18493          	addi	s1,gp,-2004 # 2000003c <payLoadBuffer>
 5b6:	92c18913          	addi	s2,gp,-1748 # 2000013c <rxBuffer>
 5ba:	00e7cf63          	blt	a5,a4,5d8 <decodeInput+0x66>
 5be:	3791                	jal	502 <send_ACK>
 5c0:	00098023          	sb	zero,0(s3)
 5c4:	fe040113          	addi	sp,s0,-32
 5c8:	40f2                	lw	ra,28(sp)
 5ca:	4462                	lw	s0,24(sp)
 5cc:	44d2                	lw	s1,20(sp)
 5ce:	4942                	lw	s2,16(sp)
 5d0:	49b2                	lw	s3,12(sp)
 5d2:	4a22                	lw	s4,8(sp)
 5d4:	6105                	addi	sp,sp,32
 5d6:	8082                	ret
 5d8:	00f90633          	add	a2,s2,a5
 5dc:	2210                	lbu	a2,0(a2)
 5de:	00f486b3          	add	a3,s1,a5
 5e2:	0785                	addi	a5,a5,1
 5e4:	a290                	sb	a2,0(a3)
 5e6:	bfd1                	j	5ba <decodeInput+0x48>
 5e8:	3f2d                	jal	522 <send_BAD_CRC_ACK>
 5ea:	bfe9                	j	5c4 <decodeInput+0x52>
 5ec:	92c18713          	addi	a4,gp,-1748 # 2000013c <rxBuffer>
 5f0:	231c                	lbu	a5,0(a4)
 5f2:	92c18493          	addi	s1,gp,-1748 # 2000013c <rxBuffer>
 5f6:	80f1a823          	sw	a5,-2032(gp) # 20000020 <cmd>
 5fa:	2b14                	lbu	a3,16(a4)
 5fc:	07d00713          	li	a4,125
 600:	00e69f63          	bne	a3,a4,61e <decodeInput+0xac>
 604:	2498                	lbu	a4,8(s1)
 606:	47b5                	li	a5,13
 608:	faf71ee3          	bne	a4,a5,5c4 <decodeInput+0x52>
 60c:	3498                	lbu	a4,9(s1)
 60e:	04200793          	li	a5,66
 612:	faf719e3          	bne	a4,a5,5c4 <decodeInput+0x52>
 616:	3799                	jal	55c <sendDeviceInfo>
 618:	00048a23          	sb	zero,20(s1)
 61c:	b765                	j	5c4 <decodeInput+0x52>
 61e:	28d4                	lbu	a3,20(s1)
 620:	00e69b63          	bne	a3,a4,636 <decodeInput+0xc4>
 624:	24d4                	lbu	a3,12(s1)
 626:	4735                	li	a4,13
 628:	00e69763          	bne	a3,a4,636 <decodeInput+0xc4>
 62c:	34d4                	lbu	a3,13(s1)
 62e:	04200713          	li	a4,66
 632:	fee682e3          	beq	a3,a4,616 <decodeInput+0xa4>
 636:	0284c683          	lbu	a3,40(s1)
 63a:	07d00713          	li	a4,125
 63e:	00e69d63          	bne	a3,a4,658 <decodeInput+0xe6>
 642:	0204c683          	lbu	a3,32(s1)
 646:	4735                	li	a4,13
 648:	00e69863          	bne	a3,a4,658 <decodeInput+0xe6>
 64c:	0214c683          	lbu	a3,33(s1)
 650:	04200713          	li	a4,66
 654:	fce681e3          	beq	a3,a4,616 <decodeInput+0xa4>
 658:	e78d                	bnez	a5,682 <decodeInput+0x110>
 65a:	20b8                	lbu	a4,2(s1)
 65c:	309c                	lbu	a5,1(s1)
 65e:	8fd9                	or	a5,a5,a4
 660:	30b8                	lbu	a4,3(s1)
 662:	8fd9                	or	a5,a5,a4
 664:	e789                	bnez	a5,66e <decodeInput+0xfc>
 666:	06500713          	li	a4,101
 66a:	80e19d23          	sh	a4,-2022(gp) # 2000002a <invalid_command>
 66e:	3371                	jal	3fa <setTransmit>
 670:	fc100513          	li	a0,-63
 674:	3581                	jal	4b4 <serialwriteChar>
 676:	81a18793          	addi	a5,gp,-2022 # 2000002a <invalid_command>
 67a:	239a                	lhu	a4,0(a5)
 67c:	0705                	addi	a4,a4,1
 67e:	a39a                	sh	a4,0(a5)
 680:	a05d                	j	726 <decodeInput+0x1b4>
 682:	4a05                	li	s4,1
 684:	03479963          	bne	a5,s4,6b6 <decodeInput+0x144>
 688:	4709                	li	a4,2
 68a:	4589                	li	a1,2
 68c:	92c18513          	addi	a0,gp,-1748 # 2000013c <rxBuffer>
 690:	80e19e23          	sh	a4,-2020(gp) # 2000002c <len>
 694:	3315                	jal	3b8 <checkCrc>
 696:	d929                	beqz	a0,5e8 <decodeInput+0x76>
 698:	8081a603          	lw	a2,-2040(gp) # 20000018 <address>
 69c:	080017b7          	lui	a5,0x8001
 6a0:	00f67463          	bgeu	a2,a5,6a8 <decodeInput+0x136>
 6a4:	35bd                	jal	512 <send_BAD_ACK>
 6a6:	bf39                	j	5c4 <decodeInput+0x52>
 6a8:	8221d583          	lhu	a1,-2014(gp) # 20000032 <payload_buffer_size>
 6ac:	82c18513          	addi	a0,gp,-2004 # 2000003c <payLoadBuffer>
 6b0:	3e61                	jal	248 <save_flash_nolib>
 6b2:	3d81                	jal	502 <send_ACK>
 6b4:	bf01                	j	5c4 <decodeInput+0x52>
 6b6:	0ff00713          	li	a4,255
 6ba:	02e79a63          	bne	a5,a4,6ee <decodeInput+0x17c>
 6be:	4711                	li	a4,4
 6c0:	4591                	li	a1,4
 6c2:	92c18513          	addi	a0,gp,-1748 # 2000013c <rxBuffer>
 6c6:	80e19e23          	sh	a4,-2020(gp) # 2000002c <len>
 6ca:	31fd                	jal	3b8 <checkCrc>
 6cc:	f0050ee3          	beqz	a0,5e8 <decodeInput+0x76>
 6d0:	20ba                	lhu	a4,2(s1)
 6d2:	80019d23          	sh	zero,-2022(gp) # 2000002a <invalid_command>
 6d6:	00871793          	slli	a5,a4,0x8
 6da:	8321                	srli	a4,a4,0x8
 6dc:	8fd9                	or	a5,a5,a4
 6de:	07c2                	slli	a5,a5,0x10
 6e0:	08000737          	lui	a4,0x8000
 6e4:	83c1                	srli	a5,a5,0x10
 6e6:	97ba                	add	a5,a5,a4
 6e8:	80f1a423          	sw	a5,-2040(gp) # 20000018 <address>
 6ec:	b7d9                	j	6b2 <decodeInput+0x140>
 6ee:	0fe00713          	li	a4,254
 6f2:	02e79c63          	bne	a5,a4,72a <decodeInput+0x1b8>
 6f6:	4711                	li	a4,4
 6f8:	4591                	li	a1,4
 6fa:	92c18513          	addi	a0,gp,-1748 # 2000013c <rxBuffer>
 6fe:	80e19e23          	sh	a4,-2020(gp) # 2000002c <len>
 702:	395d                	jal	3b8 <checkCrc>
 704:	ee0502e3          	beqz	a0,5e8 <decodeInput+0x76>
 708:	20b8                	lbu	a4,2(s1)
 70a:	10000793          	li	a5,256
 70e:	01470363          	beq	a4,s4,714 <decodeInput+0x1a2>
 712:	30bc                	lbu	a5,3(s1)
 714:	82f19123          	sh	a5,-2014(gp) # 20000032 <payload_buffer_size>
 718:	4785                	li	a5,1
 71a:	00f98023          	sb	a5,0(s3)
 71e:	10000713          	li	a4,256
 722:	80e19623          	sh	a4,-2036(gp) # 2000001c <address_expected_increment>
 726:	395d                	jal	3dc <setReceive>
 728:	bd71                	j	5c4 <decodeInput+0x52>
 72a:	0fd00713          	li	a4,253
 72e:	02e79063          	bne	a5,a4,74e <decodeInput+0x1dc>
 732:	4709                	li	a4,2
 734:	4589                	li	a1,2
 736:	92c18513          	addi	a0,gp,-1748 # 2000013c <rxBuffer>
 73a:	80e19e23          	sh	a4,-2020(gp) # 2000002c <len>
 73e:	39ad                	jal	3b8 <checkCrc>
 740:	ea0504e3          	beqz	a0,5e8 <decodeInput+0x76>
 744:	395d                	jal	3fa <setTransmit>
 746:	fc100513          	li	a0,-63
 74a:	33ad                	jal	4b4 <serialwriteChar>
 74c:	bfe9                	j	726 <decodeInput+0x1b4>
 74e:	4709                	li	a4,2
 750:	02e79163          	bne	a5,a4,772 <decodeInput+0x200>
 754:	4589                	li	a1,2
 756:	92c18513          	addi	a0,gp,-1748 # 2000013c <rxBuffer>
 75a:	80f19e23          	sh	a5,-2020(gp) # 2000002c <len>
 75e:	39a9                	jal	3b8 <checkCrc>
 760:	e80504e3          	beqz	a0,5e8 <decodeInput+0x76>
 764:	8081a703          	lw	a4,-2040(gp) # 20000018 <address>
 768:	080017b7          	lui	a5,0x8001
 76c:	f2f76ce3          	bltu	a4,a5,6a4 <decodeInput+0x132>
 770:	b789                	j	6b2 <decodeInput+0x140>
 772:	4691                	li	a3,4
 774:	06d79563          	bne	a5,a3,7de <decodeInput+0x26c>
 778:	81418c23          	sb	s4,-2024(gp) # 20000028 <eeprom_req>
 77c:	bdcd                	j	66e <decodeInput+0xfc>
 77e:	81418793          	addi	a5,gp,-2028 # 20000024 <count>
 782:	4398                	lw	a4,0(a5)
 784:	3084                	lbu	s1,1(s1)
 786:	0705                	addi	a4,a4,1
 788:	c398                	sw	a4,0(a5)
 78a:	e099                	bnez	s1,790 <decodeInput+0x21e>
 78c:	10000493          	li	s1,256
 790:	08000713          	li	a4,128
 794:	80e19623          	sh	a4,-2036(gp) # 2000001c <address_expected_increment>
 798:	318d                	jal	3fa <setTransmit>
 79a:	01248793          	addi	a5,s1,18
 79e:	9bc1                	andi	a5,a5,-16
 7a0:	40f10133          	sub	sp,sp,a5
 7a4:	00348913          	addi	s2,s1,3
 7a8:	864a                	mv	a2,s2
 7aa:	4581                	li	a1,0
 7ac:	850a                	mv	a0,sp
 7ae:	3acd                	jal	1a0 <memset>
 7b0:	8081a583          	lw	a1,-2040(gp) # 20000018 <address>
 7b4:	8626                	mv	a2,s1
 7b6:	850a                	mv	a0,sp
 7b8:	3e05                	jal	2e8 <read_flash_bin>
 7ba:	85a6                	mv	a1,s1
 7bc:	850a                	mv	a0,sp
 7be:	3e71                	jal	35a <makeCrc>
 7c0:	80f1c783          	lbu	a5,-2033(gp) # 2000001f <calculated_crc_low_byte>
 7c4:	948a                	add	s1,s1,sp
 7c6:	85ca                	mv	a1,s2
 7c8:	a09c                	sb	a5,0(s1)
 7ca:	80e1c783          	lbu	a5,-2034(gp) # 2000001e <calculated_crc_high_byte>
 7ce:	850a                	mv	a0,sp
 7d0:	b09c                	sb	a5,1(s1)
 7d2:	03000793          	li	a5,48
 7d6:	a0bc                	sb	a5,2(s1)
 7d8:	3ba9                	jal	532 <sendString>
 7da:	3109                	jal	3dc <setReceive>
 7dc:	a829                	j	7f6 <decodeInput+0x284>
 7de:	468d                	li	a3,3
 7e0:	e8d797e3          	bne	a5,a3,66e <decodeInput+0xfc>
 7e4:	4589                	li	a1,2
 7e6:	92c18513          	addi	a0,gp,-1748 # 2000013c <rxBuffer>
 7ea:	898a                	mv	s3,sp
 7ec:	80e19e23          	sh	a4,-2020(gp) # 2000002c <len>
 7f0:	36e1                	jal	3b8 <checkCrc>
 7f2:	f551                	bnez	a0,77e <decodeInput+0x20c>
 7f4:	333d                	jal	522 <send_BAD_CRC_ACK>
 7f6:	814e                	mv	sp,s3
 7f8:	b3f1                	j	5c4 <decodeInput+0x52>

000007fa <recieveBuffer>:
 7fa:	94fff2ef          	jal	t0,148 <__riscv_save_10>
 7fe:	92c18513          	addi	a0,gp,-1748 # 2000013c <rxBuffer>
 802:	10200613          	li	a2,258
 806:	4581                	li	a1,0
 808:	6985                	lui	s3,0x1
 80a:	8001aa23          	sw	zero,-2028(gp) # 20000024 <count>
 80e:	82018023          	sb	zero,-2016(gp) # 20000030 <messagereceived>
 812:	4401                	li	s0,0
 814:	98dff0ef          	jal	ra,1a0 <memset>
 818:	81418493          	addi	s1,gp,-2028 # 20000024 <count>
 81c:	e000fb37          	lui	s6,0xe000f
 820:	bb898993          	addi	s3,s3,-1096 # bb8 <FLASH_ErasePage_Fast+0x8>
 824:	92c18913          	addi	s2,gp,-1748 # 2000013c <rxBuffer>
 828:	36f5                	jal	414 <serialreadChar>
 82a:	81918783          	lb	a5,-2023(gp) # 20000029 <incoming_payload_no_command>
 82e:	c785                	beqz	a5,856 <__stack_size+0x56>
 830:	8221d703          	lhu	a4,-2014(gp) # 20000032 <payload_buffer_size>
 834:	409c                	lw	a5,0(s1)
 836:	0709                	addi	a4,a4,2
 838:	02f70863          	beq	a4,a5,868 <__stack_size+0x68>
 83c:	8291c683          	lbu	a3,-2007(gp) # 20000039 <rxbyte>
 840:	00890733          	add	a4,s2,s0
 844:	0785                	addi	a5,a5,1
 846:	a314                	sb	a3,0(a4)
 848:	c09c                	sw	a5,0(s1)
 84a:	0405                	addi	s0,s0,1
 84c:	10200793          	li	a5,258
 850:	fcf41ce3          	bne	s0,a5,828 <__stack_size+0x28>
 854:	a811                	j	868 <__stack_size+0x68>
 856:	008b2703          	lw	a4,8(s6) # e000f008 <_eusrstack+0xc000c908>
 85a:	00cb2783          	lw	a5,12(s6)
 85e:	e399                	bnez	a5,864 <__stack_size+0x64>
 860:	00e9f763          	bgeu	s3,a4,86e <__stack_size+0x6e>
 864:	0004a023          	sw	zero,0(s1)
 868:	3329                	jal	572 <decodeInput>
 86a:	917ff06f          	j	180 <__riscv_restore_10>
 86e:	8291c703          	lbu	a4,-2007(gp) # 20000039 <rxbyte>
 872:	008907b3          	add	a5,s2,s0
 876:	a398                	sb	a4,0(a5)
 878:	10100793          	li	a5,257
 87c:	fcf417e3          	bne	s0,a5,84a <__stack_size+0x4a>
 880:	81a18713          	addi	a4,gp,-2022 # 2000002a <invalid_command>
 884:	231e                	lhu	a5,0(a4)
 886:	07d1                	addi	a5,a5,20
 888:	a31e                	sh	a5,0(a4)
 88a:	b7c1                	j	84a <__stack_size+0x4a>

0000088c <update_EEPROM>:
 88c:	8e5ff2ef          	jal	t0,170 <__riscv_save_0>
 890:	080084b7          	lui	s1,0x8008
 894:	03000613          	li	a2,48
 898:	c0048593          	addi	a1,s1,-1024 # 8007c00 <bootloader_version+0x8006c04>
 89c:	92c18513          	addi	a0,gp,-1748 # 2000013c <rxBuffer>
 8a0:	a49ff0ef          	jal	ra,2e8 <read_flash_bin>
 8a4:	92c18913          	addi	s2,gp,-1748 # 2000013c <rxBuffer>
 8a8:	00294783          	lbu	a5,2(s2)
 8ac:	4729                	li	a4,10
 8ae:	02e78363          	beq	a5,a4,8d4 <update_EEPROM+0x48>
 8b2:	17fd                	addi	a5,a5,-1
 8b4:	0ff7f793          	andi	a5,a5,255
 8b8:	0fd00693          	li	a3,253
 8bc:	00f6ec63          	bltu	a3,a5,8d4 <update_EEPROM+0x48>
 8c0:	c0048613          	addi	a2,s1,-1024
 8c4:	03000593          	li	a1,48
 8c8:	92c18513          	addi	a0,gp,-1748 # 2000013c <rxBuffer>
 8cc:	00e90123          	sb	a4,2(s2)
 8d0:	979ff0ef          	jal	ra,248 <save_flash_nolib>
 8d4:	8c1ff06f          	j	194 <__riscv_restore_0>

000008d8 <checkForSignal>:
 8d8:	899ff2ef          	jal	t0,170 <__riscv_save_0>
 8dc:	40011737          	lui	a4,0x40011
 8e0:	80072783          	lw	a5,-2048(a4) # 40010800 <_eusrstack+0x2000e100>
 8e4:	1f400513          	li	a0,500
 8e8:	1f400413          	li	s0,500
 8ec:	9bc1                	andi	a5,a5,-16
 8ee:	0087e793          	ori	a5,a5,8
 8f2:	80f72023          	sw	a5,-2048(a4)
 8f6:	4785                	li	a5,1
 8f8:	80f72a23          	sw	a5,-2028(a4)
 8fc:	a0bff0ef          	jal	ra,306 <delayMicroseconds>
 900:	400114b7          	lui	s1,0x40011
 904:	8084a783          	lw	a5,-2040(s1) # 40010808 <_eusrstack+0x2000e108>
 908:	8b85                	andi	a5,a5,1
 90a:	e791                	bnez	a5,916 <checkForSignal+0x3e>
 90c:	81e18713          	addi	a4,gp,-2018 # 2000002e <low_pin_count>
 910:	231e                	lhu	a5,0(a4)
 912:	0785                	addi	a5,a5,1
 914:	a31e                	sh	a5,0(a4)
 916:	4529                	li	a0,10
 918:	147d                	addi	s0,s0,-1
 91a:	9edff0ef          	jal	ra,306 <delayMicroseconds>
 91e:	f07d                	bnez	s0,904 <checkForSignal+0x2c>
 920:	81e1d783          	lhu	a5,-2018(gp) # 2000002e <low_pin_count>
 924:	81e18413          	addi	s0,gp,-2018 # 2000002e <low_pin_count>
 928:	c7b9                	beqz	a5,976 <checkForSignal+0x9e>
 92a:	40011737          	lui	a4,0x40011
 92e:	80072783          	lw	a5,-2048(a4) # 40010800 <_eusrstack+0x2000e100>
 932:	00041023          	sh	zero,0(s0)
 936:	1f400513          	li	a0,500
 93a:	9bc1                	andi	a5,a5,-16
 93c:	0047e793          	ori	a5,a5,4
 940:	80f72023          	sw	a5,-2048(a4)
 944:	4785                	li	a5,1
 946:	80f72a23          	sw	a5,-2028(a4)
 94a:	9bdff0ef          	jal	ra,306 <delayMicroseconds>
 94e:	1f400493          	li	s1,500
 952:	40011937          	lui	s2,0x40011
 956:	80892783          	lw	a5,-2040(s2) # 40010808 <_eusrstack+0x2000e108>
 95a:	8b85                	andi	a5,a5,1
 95c:	e781                	bnez	a5,964 <checkForSignal+0x8c>
 95e:	201e                	lhu	a5,0(s0)
 960:	0785                	addi	a5,a5,1
 962:	a01e                	sh	a5,0(s0)
 964:	4529                	li	a0,10
 966:	14fd                	addi	s1,s1,-1
 968:	99fff0ef          	jal	ra,306 <delayMicroseconds>
 96c:	f4ed                	bnez	s1,956 <checkForSignal+0x7e>
 96e:	201e                	lhu	a5,0(s0)
 970:	c399                	beqz	a5,976 <checkForSignal+0x9e>
 972:	9bbff0ef          	jal	ra,32c <jump>
 976:	81fff06f          	j	194 <__riscv_restore_0>

0000097a <main>:
 97a:	ff6ff2ef          	jal	t0,170 <__riscv_save_0>
 97e:	e000f7b7          	lui	a5,0xe000f
 982:	0007a023          	sw	zero,0(a5) # e000f000 <_eusrstack+0xc000c900>
 986:	0007a223          	sw	zero,4(a5)
 98a:	4681                	li	a3,0
 98c:	c794                	sw	a3,8(a5)
 98e:	4701                	li	a4,0
 990:	c7d8                	sw	a4,12(a5)
 992:	567d                	li	a2,-1
 994:	cb90                	sw	a2,16(a5)
 996:	56fd                	li	a3,-1
 998:	cbd4                	sw	a3,20(a5)
 99a:	4725                	li	a4,9
 99c:	1141                	addi	sp,sp,-16
 99e:	c398                	sw	a4,0(a5)
 9a0:	4585                	li	a1,1
 9a2:	4511                	li	a0,4
 9a4:	c202                	sw	zero,4(sp)
 9a6:	c402                	sw	zero,8(sp)
 9a8:	c602                	sw	zero,12(sp)
 9aa:	2669                	jal	d34 <RCC_APB2PeriphClockCmd>
 9ac:	4785                	li	a5,1
 9ae:	40011437          	lui	s0,0x40011
 9b2:	827c                	sh	a5,4(sp)
 9b4:	04800793          	li	a5,72
 9b8:	80040513          	addi	a0,s0,-2048 # 40010800 <_eusrstack+0x2000e100>
 9bc:	004c                	addi	a1,sp,4
 9be:	c63e                	sw	a5,12(sp)
 9c0:	478d                	li	a5,3
 9c2:	c43e                	sw	a5,8(sp)
 9c4:	2cbd                	jal	c42 <GPIO_Init>
 9c6:	3f09                	jal	8d8 <checkForSignal>
 9c8:	4705                	li	a4,1
 9ca:	80e42823          	sw	a4,-2032(s0)
 9ce:	80042783          	lw	a5,-2048(s0)
 9d2:	4751                	li	a4,20
 9d4:	06400493          	li	s1,100
 9d8:	9bc1                	andi	a5,a5,-16
 9da:	0087e793          	ori	a5,a5,8
 9de:	80f42023          	sw	a5,-2048(s0)
 9e2:	200007b7          	lui	a5,0x20000
 9e6:	00e781a3          	sb	a4,3(a5) # 20000003 <_data_vma+0x3>
 9ea:	354d                	jal	88c <update_EEPROM>
 9ec:	3539                	jal	7fa <recieveBuffer>
 9ee:	81a1d783          	lhu	a5,-2022(gp) # 2000002a <invalid_command>
 9f2:	fef4fde3          	bgeu	s1,a5,9ec <main+0x72>
 9f6:	937ff0ef          	jal	ra,32c <jump>
 9fa:	bfcd                	j	9ec <main+0x72>

000009fc <SystemInit>:
 9fc:	400217b7          	lui	a5,0x40021
 a00:	4398                	lw	a4,0(a5)
 a02:	f8ff06b7          	lui	a3,0xf8ff0
 a06:	00176713          	ori	a4,a4,1
 a0a:	c398                	sw	a4,0(a5)
 a0c:	43d8                	lw	a4,4(a5)
 a0e:	8f75                	and	a4,a4,a3
 a10:	c3d8                	sw	a4,4(a5)
 a12:	4398                	lw	a4,0(a5)
 a14:	fef706b7          	lui	a3,0xfef70
 a18:	16fd                	addi	a3,a3,-1
 a1a:	8f75                	and	a4,a4,a3
 a1c:	c398                	sw	a4,0(a5)
 a1e:	4398                	lw	a4,0(a5)
 a20:	fffc06b7          	lui	a3,0xfffc0
 a24:	16fd                	addi	a3,a3,-1
 a26:	8f75                	and	a4,a4,a3
 a28:	c398                	sw	a4,0(a5)
 a2a:	43d8                	lw	a4,4(a5)
 a2c:	ff8106b7          	lui	a3,0xff810
 a30:	16fd                	addi	a3,a3,-1
 a32:	8f75                	and	a4,a4,a3
 a34:	c3d8                	sw	a4,4(a5)
 a36:	009f0737          	lui	a4,0x9f0
 a3a:	c798                	sw	a4,8(a5)
 a3c:	400246b7          	lui	a3,0x40024
 a40:	8006a703          	lw	a4,-2048(a3) # 40023800 <_eusrstack+0x20021100>
 a44:	01076713          	ori	a4,a4,16
 a48:	80e6a023          	sw	a4,-2048(a3)
 a4c:	43d8                	lw	a4,4(a5)
 a4e:	ffc106b7          	lui	a3,0xffc10
 a52:	16fd                	addi	a3,a3,-1
 a54:	c3d8                	sw	a4,4(a5)
 a56:	43d8                	lw	a4,4(a5)
 a58:	c3d8                	sw	a4,4(a5)
 a5a:	43d8                	lw	a4,4(a5)
 a5c:	40076713          	ori	a4,a4,1024
 a60:	c3d8                	sw	a4,4(a5)
 a62:	43d8                	lw	a4,4(a5)
 a64:	8f75                	and	a4,a4,a3
 a66:	c3d8                	sw	a4,4(a5)
 a68:	43d8                	lw	a4,4(a5)
 a6a:	002806b7          	lui	a3,0x280
 a6e:	8f55                	or	a4,a4,a3
 a70:	c3d8                	sw	a4,4(a5)
 a72:	4398                	lw	a4,0(a5)
 a74:	010006b7          	lui	a3,0x1000
 a78:	8f55                	or	a4,a4,a3
 a7a:	c398                	sw	a4,0(a5)
 a7c:	4398                	lw	a4,0(a5)
 a7e:	00671693          	slli	a3,a4,0x6
 a82:	fe06dde3          	bgez	a3,a7c <SystemInit+0x80>
 a86:	43d8                	lw	a4,4(a5)
 a88:	400216b7          	lui	a3,0x40021
 a8c:	9b71                	andi	a4,a4,-4
 a8e:	c3d8                	sw	a4,4(a5)
 a90:	43d8                	lw	a4,4(a5)
 a92:	00276713          	ori	a4,a4,2
 a96:	c3d8                	sw	a4,4(a5)
 a98:	4721                	li	a4,8
 a9a:	42dc                	lw	a5,4(a3)
 a9c:	8bb1                	andi	a5,a5,12
 a9e:	fee79ee3          	bne	a5,a4,a9a <SystemInit+0x9e>
 aa2:	8082                	ret
 aa4:	a001                	j	aa4 <SystemInit+0xa8>
 aa6:	a001                	j	aa6 <SystemInit+0xaa>

00000aa8 <Ecall_M_Mode_Handler>:
 aa8:	a001                	j	aa8 <Ecall_M_Mode_Handler>

00000aaa <Ecall_U_Mode_Handler>:
 aaa:	a001                	j	aaa <Ecall_U_Mode_Handler>

00000aac <Break_Point_Handler>:
 aac:	a001                	j	aac <Break_Point_Handler>

00000aae <SysTick_Handler>:
 aae:	a001                	j	aae <SysTick_Handler>

00000ab0 <SW_Handler>:
 ab0:	a001                	j	ab0 <SW_Handler>

00000ab2 <WWDG_IRQHandler>:
 ab2:	a001                	j	ab2 <WWDG_IRQHandler>

00000ab4 <PVD_IRQHandler>:
 ab4:	a001                	j	ab4 <PVD_IRQHandler>

00000ab6 <TAMPER_IRQHandler>:
 ab6:	a001                	j	ab6 <TAMPER_IRQHandler>

00000ab8 <RTC_IRQHandler>:
 ab8:	a001                	j	ab8 <RTC_IRQHandler>

00000aba <FLASH_IRQHandler>:
 aba:	a001                	j	aba <FLASH_IRQHandler>

00000abc <RCC_IRQHandler>:
 abc:	a001                	j	abc <RCC_IRQHandler>

00000abe <EXTI0_IRQHandler>:
 abe:	a001                	j	abe <EXTI0_IRQHandler>

00000ac0 <EXTI1_IRQHandler>:
 ac0:	a001                	j	ac0 <EXTI1_IRQHandler>

00000ac2 <EXTI2_IRQHandler>:
 ac2:	a001                	j	ac2 <EXTI2_IRQHandler>

00000ac4 <EXTI3_IRQHandler>:
 ac4:	a001                	j	ac4 <EXTI3_IRQHandler>

00000ac6 <EXTI4_IRQHandler>:
 ac6:	a001                	j	ac6 <EXTI4_IRQHandler>

00000ac8 <DMA1_Channel1_IRQHandler>:
 ac8:	a001                	j	ac8 <DMA1_Channel1_IRQHandler>

00000aca <DMA1_Channel2_IRQHandler>:
 aca:	a001                	j	aca <DMA1_Channel2_IRQHandler>

00000acc <DMA1_Channel3_IRQHandler>:
 acc:	a001                	j	acc <DMA1_Channel3_IRQHandler>

00000ace <DMA1_Channel4_IRQHandler>:
 ace:	a001                	j	ace <DMA1_Channel4_IRQHandler>

00000ad0 <DMA1_Channel5_IRQHandler>:
 ad0:	a001                	j	ad0 <DMA1_Channel5_IRQHandler>

00000ad2 <DMA1_Channel6_IRQHandler>:
 ad2:	a001                	j	ad2 <DMA1_Channel6_IRQHandler>

00000ad4 <DMA1_Channel7_IRQHandler>:
 ad4:	a001                	j	ad4 <DMA1_Channel7_IRQHandler>

00000ad6 <ADC1_2_IRQHandler>:
 ad6:	a001                	j	ad6 <ADC1_2_IRQHandler>

00000ad8 <USB_HP_CAN1_TX_IRQHandler>:
 ad8:	a001                	j	ad8 <USB_HP_CAN1_TX_IRQHandler>

00000ada <USB_LP_CAN1_RX0_IRQHandler>:
 ada:	a001                	j	ada <USB_LP_CAN1_RX0_IRQHandler>

00000adc <CAN1_RX1_IRQHandler>:
 adc:	a001                	j	adc <CAN1_RX1_IRQHandler>

00000ade <CAN1_SCE_IRQHandler>:
 ade:	a001                	j	ade <CAN1_SCE_IRQHandler>

00000ae0 <EXTI9_5_IRQHandler>:
 ae0:	a001                	j	ae0 <EXTI9_5_IRQHandler>

00000ae2 <TIM1_BRK_IRQHandler>:
 ae2:	a001                	j	ae2 <TIM1_BRK_IRQHandler>

00000ae4 <TIM1_UP_IRQHandler>:
 ae4:	a001                	j	ae4 <TIM1_UP_IRQHandler>

00000ae6 <TIM1_TRG_COM_IRQHandler>:
 ae6:	a001                	j	ae6 <TIM1_TRG_COM_IRQHandler>

00000ae8 <TIM1_CC_IRQHandler>:
 ae8:	a001                	j	ae8 <TIM1_CC_IRQHandler>

00000aea <TIM2_IRQHandler>:
 aea:	a001                	j	aea <TIM2_IRQHandler>

00000aec <TIM3_IRQHandler>:
 aec:	a001                	j	aec <TIM3_IRQHandler>

00000aee <TIM4_IRQHandler>:
 aee:	a001                	j	aee <TIM4_IRQHandler>

00000af0 <I2C1_EV_IRQHandler>:
 af0:	a001                	j	af0 <I2C1_EV_IRQHandler>

00000af2 <I2C1_ER_IRQHandler>:
 af2:	a001                	j	af2 <I2C1_ER_IRQHandler>

00000af4 <I2C2_EV_IRQHandler>:
 af4:	a001                	j	af4 <I2C2_EV_IRQHandler>

00000af6 <I2C2_ER_IRQHandler>:
 af6:	a001                	j	af6 <I2C2_ER_IRQHandler>

00000af8 <SPI1_IRQHandler>:
 af8:	a001                	j	af8 <SPI1_IRQHandler>

00000afa <SPI2_IRQHandler>:
 afa:	a001                	j	afa <SPI2_IRQHandler>

00000afc <USART1_IRQHandler>:
 afc:	a001                	j	afc <USART1_IRQHandler>

00000afe <USART2_IRQHandler>:
 afe:	a001                	j	afe <USART2_IRQHandler>

00000b00 <USART3_IRQHandler>:
 b00:	a001                	j	b00 <USART3_IRQHandler>

00000b02 <EXTI15_10_IRQHandler>:
 b02:	a001                	j	b02 <EXTI15_10_IRQHandler>

00000b04 <RTCAlarm_IRQHandler>:
 b04:	a001                	j	b04 <RTCAlarm_IRQHandler>

00000b06 <USBWakeUp_IRQHandler>:
 b06:	a001                	j	b06 <USBWakeUp_IRQHandler>

00000b08 <USBHD_IRQHandler>:
 b08:	a001                	j	b08 <USBHD_IRQHandler>

00000b0a <USBHDWakeUp_IRQHandler>:
 b0a:	a001                	j	b0a <USBHDWakeUp_IRQHandler>

00000b0c <UART4_IRQHandler>:
 b0c:	a001                	j	b0c <UART4_IRQHandler>

00000b0e <DMA1_Channel8_IRQHandler>:
 b0e:	a001                	j	b0e <DMA1_Channel8_IRQHandler>

00000b10 <handle_reset>:
 b10:	20000197          	auipc	gp,0x20000
 b14:	d0018193          	addi	gp,gp,-768 # 20000810 <__global_pointer$>
 b18:	20002117          	auipc	sp,0x20002
 b1c:	be810113          	addi	sp,sp,-1048 # 20002700 <_eusrstack>
 b20:	00000517          	auipc	a0,0x0
 b24:	23450513          	addi	a0,a0,564 # d54 <_data_lma>
 b28:	1ffff597          	auipc	a1,0x1ffff
 b2c:	4d858593          	addi	a1,a1,1240 # 20000000 <_data_vma>
 b30:	1ffff617          	auipc	a2,0x1ffff
 b34:	4e060613          	addi	a2,a2,1248 # 20000010 <_edata>
 b38:	00c5fa63          	bgeu	a1,a2,b4c <handle_reset+0x3c>
 b3c:	00052283          	lw	t0,0(a0)
 b40:	0055a023          	sw	t0,0(a1)
 b44:	0511                	addi	a0,a0,4
 b46:	0591                	addi	a1,a1,4
 b48:	fec5eae3          	bltu	a1,a2,b3c <handle_reset+0x2c>
 b4c:	1ffff517          	auipc	a0,0x1ffff
 b50:	4c450513          	addi	a0,a0,1220 # 20000010 <_edata>
 b54:	a3018593          	addi	a1,gp,-1488 # 20000240 <_ebss>
 b58:	00b57763          	bgeu	a0,a1,b66 <handle_reset+0x56>
 b5c:	00052023          	sw	zero,0(a0)
 b60:	0511                	addi	a0,a0,4
 b62:	feb56de3          	bltu	a0,a1,b5c <handle_reset+0x4c>
 b66:	42fd                	li	t0,31
 b68:	bc029073          	csrw	0xbc0,t0
 b6c:	428d                	li	t0,3
 b6e:	80429073          	csrw	0x804,t0
 b72:	000022b7          	lui	t0,0x2
 b76:	88828293          	addi	t0,t0,-1912 # 1888 <bootloader_version+0x88c>
 b7a:	3002a073          	csrs	mstatus,t0
 b7e:	fffff297          	auipc	t0,0xfffff
 b82:	4ba28293          	addi	t0,t0,1210 # 38 <_einit>
 b86:	0032e293          	ori	t0,t0,3
 b8a:	30529073          	csrw	mtvec,t0
 b8e:	e6fff0ef          	jal	ra,9fc <SystemInit>
 b92:	00000297          	auipc	t0,0x0
 b96:	de828293          	addi	t0,t0,-536 # 97a <main>
 b9a:	34129073          	csrw	mepc,t0
 b9e:	30200073          	mret

00000ba2 <FLASH_Lock>:
 ba2:	40022737          	lui	a4,0x40022
 ba6:	4b1c                	lw	a5,16(a4)
 ba8:	0807e793          	ori	a5,a5,128
 bac:	cb1c                	sw	a5,16(a4)
 bae:	8082                	ret

00000bb0 <FLASH_ErasePage_Fast>:
 bb0:	400227b7          	lui	a5,0x40022
 bb4:	4b98                	lw	a4,16(a5)
 bb6:	000206b7          	lui	a3,0x20
 bba:	f0057513          	andi	a0,a0,-256
 bbe:	8f55                	or	a4,a4,a3
 bc0:	cb98                	sw	a4,16(a5)
 bc2:	cbc8                	sw	a0,20(a5)
 bc4:	4b98                	lw	a4,16(a5)
 bc6:	04076713          	ori	a4,a4,64
 bca:	cb98                	sw	a4,16(a5)
 bcc:	47d8                	lw	a4,12(a5)
 bce:	8b05                	andi	a4,a4,1
 bd0:	ff75                	bnez	a4,bcc <FLASH_ErasePage_Fast+0x1c>
 bd2:	4b98                	lw	a4,16(a5)
 bd4:	7681                	lui	a3,0xfffe0
 bd6:	16fd                	addi	a3,a3,-1
 bd8:	8f75                	and	a4,a4,a3
 bda:	cb98                	sw	a4,16(a5)
 bdc:	8082                	ret

00000bde <FLASH_ProgramPage_Fast>:
 bde:	40022737          	lui	a4,0x40022
 be2:	4b1c                	lw	a5,16(a4)
 be4:	66c1                	lui	a3,0x10
 be6:	f0057513          	andi	a0,a0,-256
 bea:	8fd5                	or	a5,a5,a3
 bec:	cb1c                	sw	a5,16(a4)
 bee:	475c                	lw	a5,12(a4)
 bf0:	8b85                	andi	a5,a5,1
 bf2:	fff5                	bnez	a5,bee <FLASH_ProgramPage_Fast+0x10>
 bf4:	40022737          	lui	a4,0x40022
 bf8:	475c                	lw	a5,12(a4)
 bfa:	8b89                	andi	a5,a5,2
 bfc:	fff5                	bnez	a5,bf8 <FLASH_ProgramPage_Fast+0x1a>
 bfe:	40022737          	lui	a4,0x40022
 c02:	10000613          	li	a2,256
 c06:	00f586b3          	add	a3,a1,a5
 c0a:	0006a803          	lw	a6,0(a3) # 10000 <bootloader_version+0xf004>
 c0e:	00f506b3          	add	a3,a0,a5
 c12:	0106a023          	sw	a6,0(a3)
 c16:	4754                	lw	a3,12(a4)
 c18:	8a89                	andi	a3,a3,2
 c1a:	fef5                	bnez	a3,c16 <FLASH_ProgramPage_Fast+0x38>
 c1c:	0791                	addi	a5,a5,4
 c1e:	fec794e3          	bne	a5,a2,c06 <FLASH_ProgramPage_Fast+0x28>
 c22:	4b1c                	lw	a5,16(a4)
 c24:	002006b7          	lui	a3,0x200
 c28:	8fd5                	or	a5,a5,a3
 c2a:	cb1c                	sw	a5,16(a4)
 c2c:	400227b7          	lui	a5,0x40022
 c30:	47d8                	lw	a4,12(a5)
 c32:	8b05                	andi	a4,a4,1
 c34:	ff75                	bnez	a4,c30 <FLASH_ProgramPage_Fast+0x52>
 c36:	4b98                	lw	a4,16(a5)
 c38:	76c1                	lui	a3,0xffff0
 c3a:	16fd                	addi	a3,a3,-1
 c3c:	8f75                	and	a4,a4,a3
 c3e:	cb98                	sw	a4,16(a5)
 c40:	8082                	ret

00000c42 <GPIO_Init>:
 c42:	459c                	lw	a5,8(a1)
 c44:	0107f713          	andi	a4,a5,16
 c48:	00f7f813          	andi	a6,a5,15
 c4c:	c701                	beqz	a4,c54 <GPIO_Init+0x12>
 c4e:	41d8                	lw	a4,4(a1)
 c50:	00e86833          	or	a6,a6,a4
 c54:	40022737          	lui	a4,0x40022
 c58:	5b14                	lw	a3,48(a4)
 c5a:	0f000737          	lui	a4,0xf000
 c5e:	8f75                	and	a4,a4,a3
 c60:	eb4d                	bnez	a4,d12 <GPIO_Init+0xd0>
 c62:	4685                	li	a3,1
 c64:	82d18523          	sb	a3,-2006(gp) # 2000003a <MCU_Version>
 c68:	40011737          	lui	a4,0x40011
 c6c:	00e51563          	bne	a0,a4,c76 <GPIO_Init+0x34>
 c70:	219a                	lhu	a4,0(a1)
 c72:	8335                	srli	a4,a4,0xd
 c74:	a19a                	sh	a4,0(a1)
 c76:	218e                	lhu	a1,0(a1)
 c78:	0ff5f713          	andi	a4,a1,255
 c7c:	c339                	beqz	a4,cc2 <GPIO_Init+0x80>
 c7e:	4118                	lw	a4,0(a0)
 c80:	4681                	li	a3,0
 c82:	4e85                	li	t4,1
 c84:	4f3d                	li	t5,15
 c86:	02800f93          	li	t6,40
 c8a:	04800293          	li	t0,72
 c8e:	4e21                	li	t3,8
 c90:	00de9633          	sll	a2,t4,a3
 c94:	00c5f8b3          	and	a7,a1,a2
 c98:	03161163          	bne	a2,a7,cba <GPIO_Init+0x78>
 c9c:	00269893          	slli	a7,a3,0x2
 ca0:	011f1333          	sll	t1,t5,a7
 ca4:	fff34313          	not	t1,t1
 ca8:	00e37733          	and	a4,t1,a4
 cac:	011818b3          	sll	a7,a6,a7
 cb0:	00e8e733          	or	a4,a7,a4
 cb4:	07f79763          	bne	a5,t6,d22 <GPIO_Init+0xe0>
 cb8:	c950                	sw	a2,20(a0)
 cba:	0685                	addi	a3,a3,1
 cbc:	fdc69ae3          	bne	a3,t3,c90 <GPIO_Init+0x4e>
 cc0:	c118                	sw	a4,0(a0)
 cc2:	0ff00713          	li	a4,255
 cc6:	04b77563          	bgeu	a4,a1,d10 <GPIO_Init+0xce>
 cca:	4154                	lw	a3,4(a0)
 ccc:	4621                	li	a2,8
 cce:	4e85                	li	t4,1
 cd0:	4f3d                	li	t5,15
 cd2:	02800f93          	li	t6,40
 cd6:	04800293          	li	t0,72
 cda:	4e41                	li	t3,16
 cdc:	00ce98b3          	sll	a7,t4,a2
 ce0:	0115f733          	and	a4,a1,a7
 ce4:	02e89263          	bne	a7,a4,d08 <GPIO_Init+0xc6>
 ce8:	00261713          	slli	a4,a2,0x2
 cec:	1701                	addi	a4,a4,-32
 cee:	00ef1333          	sll	t1,t5,a4
 cf2:	fff34313          	not	t1,t1
 cf6:	00d376b3          	and	a3,t1,a3
 cfa:	00e81733          	sll	a4,a6,a4
 cfe:	8ed9                	or	a3,a3,a4
 d00:	03f79563          	bne	a5,t6,d2a <GPIO_Init+0xe8>
 d04:	01152a23          	sw	a7,20(a0)
 d08:	0605                	addi	a2,a2,1
 d0a:	fdc619e3          	bne	a2,t3,cdc <GPIO_Init+0x9a>
 d0e:	c154                	sw	a3,4(a0)
 d10:	8082                	ret
 d12:	40011737          	lui	a4,0x40011
 d16:	f6e510e3          	bne	a0,a4,c76 <GPIO_Init+0x34>
 d1a:	82a1c703          	lbu	a4,-2006(gp) # 2000003a <MCU_Version>
 d1e:	df21                	beqz	a4,c76 <GPIO_Init+0x34>
 d20:	bf81                	j	c70 <GPIO_Init+0x2e>
 d22:	f8579ce3          	bne	a5,t0,cba <GPIO_Init+0x78>
 d26:	c910                	sw	a2,16(a0)
 d28:	bf49                	j	cba <GPIO_Init+0x78>
 d2a:	fc579fe3          	bne	a5,t0,d08 <GPIO_Init+0xc6>
 d2e:	01152823          	sw	a7,16(a0)
 d32:	bfd9                	j	d08 <GPIO_Init+0xc6>

00000d34 <RCC_APB2PeriphClockCmd>:
 d34:	c599                	beqz	a1,d42 <RCC_APB2PeriphClockCmd+0xe>
 d36:	40021737          	lui	a4,0x40021
 d3a:	4f1c                	lw	a5,24(a4)
 d3c:	8d5d                	or	a0,a0,a5
 d3e:	cf08                	sw	a0,24(a4)
 d40:	8082                	ret
 d42:	400217b7          	lui	a5,0x40021
 d46:	4f98                	lw	a4,24(a5)
 d48:	fff54513          	not	a0,a0
 d4c:	8d79                	and	a0,a0,a4
 d4e:	cf88                	sw	a0,24(a5)
 d50:	8082                	ret
	...
